\BOOKMARK [0][-]{chapter.1}{\376\377\0001\000\040\000M\000o\000d\000u\000l\000e\000s\000\040\000I\000n\000d\000e\000x}{}% 1
\BOOKMARK [1][-]{section.1.1}{\376\377\0001\000.\0001\000\040\000M\000o\000d\000u\000l\000e\000s\000\040\000L\000i\000s\000t}{chapter.1}% 2
\BOOKMARK [0][-]{chapter.2}{\376\377\0002\000\040\000M\000o\000d\000u\000l\000e\000\040\000D\000o\000c\000u\000m\000e\000n\000t\000a\000t\000i\000o\000n}{}% 3
\BOOKMARK [1][-]{section.2.1}{\376\377\0002\000.\0001\000\040\000a\000n\000a\000l\000y\000t\000i\000c\000a\000l\000\137\000p\000o\000t\000e\000n\000t\000i\000a\000l\000s\000\040\000M\000o\000d\000u\000l\000e\000\040\000R\000e\000f\000e\000r\000e\000n\000c\000e}{chapter.2}% 4
\BOOKMARK [2][-]{subsection.2.1.1}{\376\377\0002\000.\0001\000.\0001\000\040\000D\000e\000t\000a\000i\000l\000e\000d\000\040\000D\000e\000s\000c\000r\000i\000p\000t\000i\000o\000n}{section.2.1}% 5
\BOOKMARK [2][-]{subsection.2.1.2}{\376\377\0002\000.\0001\000.\0002\000\040\000F\000u\000n\000c\000t\000i\000o\000n\000/\000S\000u\000b\000r\000o\000u\000t\000i\000n\000e\000\040\000D\000o\000c\000u\000m\000e\000n\000t\000a\000t\000i\000o\000n}{section.2.1}% 6
\BOOKMARK [3][-]{subsubsection.2.1.2.1}{\376\377\0002\000.\0001\000.\0002\000.\0001\000\040\000c\000h\000e\000c\000k\000\137\000o\000v\000e\000r\000l\000a\000p\000\050\000\051}{subsection.2.1.2}% 7
\BOOKMARK [3][-]{subsubsection.2.1.2.2}{\376\377\0002\000.\0001\000.\0002\000.\0002\000\040\000d\000i\000a\000g\000o\000n\000a\000l\000i\000z\000e\000\050\000\051}{subsection.2.1.2}% 8
\BOOKMARK [3][-]{subsubsection.2.1.2.3}{\376\377\0002\000.\0001\000.\0002\000.\0003\000\040\000d\000o\000u\000b\000l\000e\000w\000e\000l\000l\000\137\000p\000o\000t\000e\000n\000t\000i\000a\000l\000\050\000\051}{subsection.2.1.2}% 9
\BOOKMARK [3][-]{subsubsection.2.1.2.4}{\376\377\0002\000.\0001\000.\0002\000.\0004\000\040\000i\000b\000r\000\137\000p\000o\000t\000e\000n\000t\000i\000a\000l\000\050\000\051}{subsection.2.1.2}% 10
\BOOKMARK [3][-]{subsubsection.2.1.2.5}{\376\377\0002\000.\0001\000.\0002\000.\0005\000\040\000n\000a\000i\000\137\000p\000o\000t\000e\000n\000t\000i\000a\000l\000\050\000\051}{subsection.2.1.2}% 11
\BOOKMARK [3][-]{subsubsection.2.1.2.6}{\376\377\0002\000.\0001\000.\0002\000.\0006\000\040\000n\000e\000w\000\137\000m\000o\000d\000e\000l\000\137\000p\000o\000t\000e\000n\000t\000i\000a\000l\000s\000\050\000\051}{subsection.2.1.2}% 12
\BOOKMARK [3][-]{subsubsection.2.1.2.7}{\376\377\0002\000.\0001\000.\0002\000.\0007\000\040\000n\000o\000n\000\137\000a\000d\000i\000a\000b\000a\000t\000i\000c\000\137\000c\000o\000u\000p\000l\000i\000n\000g\000s\000\050\000\051}{subsection.2.1.2}% 13
\BOOKMARK [3][-]{subsubsection.2.1.2.8}{\376\377\0002\000.\0001\000.\0002\000.\0008\000\040\000p\000h\000e\000n\000o\000l\000\137\000p\000o\000t\000e\000n\000t\000i\000a\000l\000\050\000\051}{subsection.2.1.2}% 14
\BOOKMARK [3][-]{subsubsection.2.1.2.9}{\376\377\0002\000.\0001\000.\0002\000.\0009\000\040\000p\000l\000o\000t\000\137\000p\000o\000t\000e\000n\000t\000i\000a\000l\000\050\000\051}{subsection.2.1.2}% 15
\BOOKMARK [3][-]{subsubsection.2.1.2.10}{\376\377\0002\000.\0001\000.\0002\000.\0001\0000\000\040\000s\000u\000b\000o\000t\000n\000i\000k\000j\000p\000c\000a\0002\0000\0001\0009\000\050\000\051}{subsection.2.1.2}% 16
\BOOKMARK [3][-]{subsubsection.2.1.2.11}{\376\377\0002\000.\0001\000.\0002\000.\0001\0001\000\040\000t\000u\000l\000l\000y\0003\000\050\000\051}{subsection.2.1.2}% 17
\BOOKMARK [1][-]{section.2.2}{\376\377\0002\000.\0002\000\040\000a\000t\000o\000m\000i\000c\000\137\000m\000a\000s\000s\000e\000s\000\040\000M\000o\000d\000u\000l\000e\000\040\000R\000e\000f\000e\000r\000e\000n\000c\000e}{chapter.2}% 18
\BOOKMARK [2][-]{subsection.2.2.1}{\376\377\0002\000.\0002\000.\0001\000\040\000D\000e\000t\000a\000i\000l\000e\000d\000\040\000D\000e\000s\000c\000r\000i\000p\000t\000i\000o\000n}{section.2.2}% 19
\BOOKMARK [1][-]{section.2.3}{\376\377\0002\000.\0003\000\040\000c\000l\000a\000s\000s\000i\000c\000a\000l\000\137\000e\000v\000o\000l\000u\000t\000i\000o\000n\000\040\000M\000o\000d\000u\000l\000e\000\040\000R\000e\000f\000e\000r\000e\000n\000c\000e}{chapter.2}% 20
\BOOKMARK [2][-]{subsection.2.3.1}{\376\377\0002\000.\0003\000.\0001\000\040\000D\000e\000t\000a\000i\000l\000e\000d\000\040\000D\000e\000s\000c\000r\000i\000p\000t\000i\000o\000n}{section.2.3}% 21
\BOOKMARK [2][-]{subsection.2.3.2}{\376\377\0002\000.\0003\000.\0002\000\040\000F\000u\000n\000c\000t\000i\000o\000n\000/\000S\000u\000b\000r\000o\000u\000t\000i\000n\000e\000\040\000D\000o\000c\000u\000m\000e\000n\000t\000a\000t\000i\000o\000n}{section.2.3}% 22
\BOOKMARK [3][-]{subsubsection.2.3.2.1}{\376\377\0002\000.\0003\000.\0002\000.\0001\000\040\000n\000o\000n\000\137\000a\000d\000i\000a\000b\000a\000t\000i\000c\000\137\000f\000o\000r\000c\000e\000\050\000\051}{subsection.2.3.2}% 23
\BOOKMARK [3][-]{subsubsection.2.3.2.2}{\376\377\0002\000.\0003\000.\0002\000.\0002\000\040\000u\000p\000d\000a\000t\000e\000\137\000p\000o\000s\000i\000t\000i\000o\000n\000\050\000\051}{subsection.2.3.2}% 24
\BOOKMARK [3][-]{subsubsection.2.3.2.3}{\376\377\0002\000.\0003\000.\0002\000.\0003\000\040\000u\000p\000d\000a\000t\000e\000\137\000v\000e\000l\000o\000c\000i\000t\000y\000\050\000\051}{subsection.2.3.2}% 25
\BOOKMARK [1][-]{section.2.4}{\376\377\0002\000.\0004\000\040\000c\000o\000e\000f\000f\000i\000c\000i\000e\000n\000t\000s\000\137\000e\000v\000o\000l\000u\000t\000i\000o\000n\000\040\000M\000o\000d\000u\000l\000e\000\040\000R\000e\000f\000e\000r\000e\000n\000c\000e}{chapter.2}% 26
\BOOKMARK [2][-]{subsection.2.4.1}{\376\377\0002\000.\0004\000.\0001\000\040\000D\000e\000t\000a\000i\000l\000e\000d\000\040\000D\000e\000s\000c\000r\000i\000p\000t\000i\000o\000n}{section.2.4}% 27
\BOOKMARK [2][-]{subsection.2.4.2}{\376\377\0002\000.\0004\000.\0002\000\040\000F\000u\000n\000c\000t\000i\000o\000n\000/\000S\000u\000b\000r\000o\000u\000t\000i\000n\000e\000\040\000D\000o\000c\000u\000m\000e\000n\000t\000a\000t\000i\000o\000n}{section.2.4}% 28
\BOOKMARK [3][-]{subsubsection.2.4.2.1}{\376\377\0002\000.\0004\000.\0002\000.\0001\000\040\000c\000d\000o\000t\000\050\000\051}{subsection.2.4.2}% 29
\BOOKMARK [3][-]{subsubsection.2.4.2.2}{\376\377\0002\000.\0004\000.\0002\000.\0002\000\040\000r\000k\0004\000\137\000c\000o\000e\000f\000f\000\050\000\051}{subsection.2.4.2}% 30
\BOOKMARK [1][-]{section.2.5}{\376\377\0002\000.\0005\000\040\000c\000o\000h\000e\000r\000e\000n\000c\000e\000\137\000c\000o\000r\000r\000e\000c\000t\000i\000o\000n\000s\000\040\000M\000o\000d\000u\000l\000e\000\040\000R\000e\000f\000e\000r\000e\000n\000c\000e}{chapter.2}% 31
\BOOKMARK [2][-]{subsection.2.5.1}{\376\377\0002\000.\0005\000.\0001\000\040\000D\000e\000t\000a\000i\000l\000e\000d\000\040\000D\000e\000s\000c\000r\000i\000p\000t\000i\000o\000n}{section.2.5}% 32
\BOOKMARK [2][-]{subsection.2.5.2}{\376\377\0002\000.\0005\000.\0002\000\040\000F\000u\000n\000c\000t\000i\000o\000n\000/\000S\000u\000b\000r\000o\000u\000t\000i\000n\000e\000\040\000D\000o\000c\000u\000m\000e\000n\000t\000a\000t\000i\000o\000n}{section.2.5}% 33
\BOOKMARK [3][-]{subsubsection.2.5.2.1}{\376\377\0002\000.\0005\000.\0002\000.\0001\000\040\000a\000c\000c\000\137\000f\000o\000r\000c\000e\000\137\000e\000c\000\050\000\051}{subsection.2.5.2}% 34
\BOOKMARK [3][-]{subsubsection.2.5.2.2}{\376\377\0002\000.\0005\000.\0002\000.\0002\000\040\000a\000c\000c\000u\000m\000u\000l\000a\000t\000e\000d\000\137\000b\000o\000f\000o\000r\000c\000e\000\050\000\051}{subsection.2.5.2}% 35
\BOOKMARK [3][-]{subsubsection.2.5.2.3}{\376\377\0002\000.\0005\000.\0002\000.\0003\000\040\000q\000u\000a\000n\000t\000u\000m\000\137\000m\000o\000m\000e\000n\000t\000u\000m\000\050\000\051\000\040\000[\0001\000/\0002\000]}{subsection.2.5.2}% 36
\BOOKMARK [3][-]{subsubsection.2.5.2.4}{\376\377\0002\000.\0005\000.\0002\000.\0004\000\040\000q\000u\000a\000n\000t\000u\000m\000\137\000m\000o\000m\000e\000n\000t\000u\000m\000\050\000\051\000\040\000[\0002\000/\0002\000]}{subsection.2.5.2}% 37
\BOOKMARK [1][-]{section.2.6}{\376\377\0002\000.\0006\000\040\000e\000l\000e\000c\000t\000r\000o\000n\000i\000c\000\137\000p\000r\000o\000b\000l\000e\000m\000\040\000M\000o\000d\000u\000l\000e\000\040\000R\000e\000f\000e\000r\000e\000n\000c\000e}{chapter.2}% 38
\BOOKMARK [2][-]{subsection.2.6.1}{\376\377\0002\000.\0006\000.\0001\000\040\000D\000e\000t\000a\000i\000l\000e\000d\000\040\000D\000e\000s\000c\000r\000i\000p\000t\000i\000o\000n}{section.2.6}% 39
\BOOKMARK [2][-]{subsection.2.6.2}{\376\377\0002\000.\0006\000.\0002\000\040\000F\000u\000n\000c\000t\000i\000o\000n\000/\000S\000u\000b\000r\000o\000u\000t\000i\000n\000e\000\040\000D\000o\000c\000u\000m\000e\000n\000t\000a\000t\000i\000o\000n}{section.2.6}% 40
\BOOKMARK [3][-]{subsubsection.2.6.2.1}{\376\377\0002\000.\0006\000.\0002\000.\0001\000\040\000b\000o\000p\000r\000o\000b\000l\000e\000m\000\050\000\051}{subsection.2.6.2}% 41
\BOOKMARK [3][-]{subsubsection.2.6.2.2}{\376\377\0002\000.\0006\000.\0002\000.\0002\000\040\000c\000h\000e\000c\000k\000\137\000n\000a\000c\000\137\000o\000v\000e\000r\000l\000a\000p\000\050\000\051}{subsection.2.6.2}% 42
\BOOKMARK [1][-]{section.2.7}{\376\377\0002\000.\0007\000\040\000k\000i\000n\000d\000s\000\040\000M\000o\000d\000u\000l\000e\000\040\000R\000e\000f\000e\000r\000e\000n\000c\000e}{chapter.2}% 43
\BOOKMARK [2][-]{subsection.2.7.1}{\376\377\0002\000.\0007\000.\0001\000\040\000D\000e\000t\000a\000i\000l\000e\000d\000\040\000D\000e\000s\000c\000r\000i\000p\000t\000i\000o\000n}{section.2.7}% 44
\BOOKMARK [1][-]{section.2.8}{\376\377\0002\000.\0008\000\040\000o\000u\000t\000p\000u\000t\000\040\000M\000o\000d\000u\000l\000e\000\040\000R\000e\000f\000e\000r\000e\000n\000c\000e}{chapter.2}% 45
\BOOKMARK [2][-]{subsection.2.8.1}{\376\377\0002\000.\0008\000.\0001\000\040\000D\000e\000t\000a\000i\000l\000e\000d\000\040\000D\000e\000s\000c\000r\000i\000p\000t\000i\000o\000n}{section.2.8}% 46
\BOOKMARK [2][-]{subsection.2.8.2}{\376\377\0002\000.\0008\000.\0002\000\040\000F\000u\000n\000c\000t\000i\000o\000n\000/\000S\000u\000b\000r\000o\000u\000t\000i\000n\000e\000\040\000D\000o\000c\000u\000m\000e\000n\000t\000a\000t\000i\000o\000n}{section.2.8}% 47
\BOOKMARK [3][-]{subsubsection.2.8.2.1}{\376\377\0002\000.\0008\000.\0002\000.\0001\000\040\000c\000o\000m\000p\000u\000t\000e\000\137\000e\000n\000e\000r\000g\000y\000\050\000\051}{subsection.2.8.2}% 48
\BOOKMARK [3][-]{subsubsection.2.8.2.2}{\376\377\0002\000.\0008\000.\0002\000.\0002\000\040\000i\000n\000i\000t\000i\000a\000l\000i\000z\000e\000\137\000o\000u\000t\000p\000u\000t\000\050\000\051}{subsection.2.8.2}% 49
\BOOKMARK [3][-]{subsubsection.2.8.2.3}{\376\377\0002\000.\0008\000.\0002\000.\0003\000\040\000p\000l\000o\000t\000\050\000\051}{subsection.2.8.2}% 50
\BOOKMARK [3][-]{subsubsection.2.8.2.4}{\376\377\0002\000.\0008\000.\0002\000.\0004\000\040\000p\000l\000o\000t\000\137\000c\000o\000e\000f\000f\000i\000c\000i\000e\000n\000t\000s\000\050\000\051}{subsection.2.8.2}% 51
\BOOKMARK [3][-]{subsubsection.2.8.2.5}{\376\377\0002\000.\0008\000.\0002\000.\0005\000\040\000p\000l\000o\000t\000\137\000q\000m\000o\000m\000\050\000\051}{subsection.2.8.2}% 52
\BOOKMARK [3][-]{subsubsection.2.8.2.6}{\376\377\0002\000.\0008\000.\0002\000.\0006\000\040\000p\000l\000o\000t\000\137\000r\000\137\000p\000\137\000e\000\050\000\051}{subsection.2.8.2}% 53
\BOOKMARK [3][-]{subsubsection.2.8.2.7}{\376\377\0002\000.\0008\000.\0002\000.\0007\000\040\000p\000l\000o\000t\000\137\000s\000t\000c\000\050\000\051}{subsection.2.8.2}% 54
\BOOKMARK [1][-]{section.2.9}{\376\377\0002\000.\0009\000\040\000s\000h\000o\000p\000p\000i\000n\000g\000\040\000M\000o\000d\000u\000l\000e\000\040\000R\000e\000f\000e\000r\000e\000n\000c\000e}{chapter.2}% 55
\BOOKMARK [2][-]{subsection.2.9.1}{\376\377\0002\000.\0009\000.\0001\000\040\000D\000e\000t\000a\000i\000l\000e\000d\000\040\000D\000e\000s\000c\000r\000i\000p\000t\000i\000o\000n}{section.2.9}% 56
\BOOKMARK [2][-]{subsection.2.9.2}{\376\377\0002\000.\0009\000.\0002\000\040\000F\000u\000n\000c\000t\000i\000o\000n\000/\000S\000u\000b\000r\000o\000u\000t\000i\000n\000e\000\040\000D\000o\000c\000u\000m\000e\000n\000t\000a\000t\000i\000o\000n}{section.2.9}% 57
\BOOKMARK [3][-]{subsubsection.2.9.2.1}{\376\377\0002\000.\0009\000.\0002\000.\0001\000\040\000c\000h\000o\000o\000s\000e\000\137\000b\000o\000s\000t\000a\000t\000e\000\050\000\051\000\040\000[\0001\000/\0002\000]}{subsection.2.9.2}% 58
\BOOKMARK [3][-]{subsubsection.2.9.2.2}{\376\377\0002\000.\0009\000.\0002\000.\0002\000\040\000c\000h\000o\000o\000s\000e\000\137\000b\000o\000s\000t\000a\000t\000e\000\050\000\051\000\040\000[\0002\000/\0002\000]}{subsection.2.9.2}% 59
\BOOKMARK [3][-]{subsubsection.2.9.2.3}{\376\377\0002\000.\0009\000.\0002\000.\0003\000\040\000d\000e\000c\000o\000h\000e\000r\000e\000n\000c\000e\000\137\000c\000o\000o\000r\000e\000c\000t\000i\000o\000n\000\050\000\051}{subsection.2.9.2}% 60
\BOOKMARK [3][-]{subsubsection.2.9.2.4}{\376\377\0002\000.\0009\000.\0002\000.\0004\000\040\000h\000o\000p\000p\000i\000n\000g\000\050\000\051\000\040\000[\0001\000/\0002\000]}{subsection.2.9.2}% 61
\BOOKMARK [3][-]{subsubsection.2.9.2.5}{\376\377\0002\000.\0009\000.\0002\000.\0005\000\040\000h\000o\000p\000p\000i\000n\000g\000\050\000\051\000\040\000[\0002\000/\0002\000]}{subsection.2.9.2}% 62
\BOOKMARK [3][-]{subsubsection.2.9.2.6}{\376\377\0002\000.\0009\000.\0002\000.\0006\000\040\000m\000o\000m\000e\000n\000t\000u\000m\000\137\000c\000o\000r\000r\000e\000c\000t\000i\000o\000n\000\050\000\051\000\040\000[\0001\000/\0002\000]}{subsection.2.9.2}% 63
\BOOKMARK [3][-]{subsubsection.2.9.2.7}{\376\377\0002\000.\0009\000.\0002\000.\0007\000\040\000m\000o\000m\000e\000n\000t\000u\000m\000\137\000c\000o\000r\000r\000e\000c\000t\000i\000o\000n\000\050\000\051\000\040\000[\0002\000/\0002\000]}{subsection.2.9.2}% 64
\BOOKMARK [1][-]{section.2.10}{\376\377\0002\000.\0001\0000\000\040\000t\000i\000m\000e\000\137\000e\000v\000o\000l\000u\000t\000i\000o\000n\000\040\000M\000o\000d\000u\000l\000e\000\040\000R\000e\000f\000e\000r\000e\000n\000c\000e}{chapter.2}% 65
\BOOKMARK [2][-]{subsection.2.10.1}{\376\377\0002\000.\0001\0000\000.\0001\000\040\000D\000e\000t\000a\000i\000l\000e\000d\000\040\000D\000e\000s\000c\000r\000i\000p\000t\000i\000o\000n}{section.2.10}% 66
\BOOKMARK [2][-]{subsection.2.10.2}{\376\377\0002\000.\0001\0000\000.\0002\000\040\000F\000u\000n\000c\000t\000i\000o\000n\000/\000S\000u\000b\000r\000o\000u\000t\000i\000n\000e\000\040\000D\000o\000c\000u\000m\000e\000n\000t\000a\000t\000i\000o\000n}{section.2.10}% 67
\BOOKMARK [3][-]{subsubsection.2.10.2.1}{\376\377\0002\000.\0001\0000\000.\0002\000.\0001\000\040\000e\000v\000o\000l\000u\000t\000i\000o\000n\000\050\000\051}{subsection.2.10.2}% 68
\BOOKMARK [3][-]{subsubsection.2.10.2.2}{\376\377\0002\000.\0001\0000\000.\0002\000.\0002\000\040\000f\000i\000n\000a\000l\000i\000z\000e\000\137\000l\000o\000c\000a\000l\000\137\000v\000a\000r\000s\000\050\000\051}{subsection.2.10.2}% 69
\BOOKMARK [3][-]{subsubsection.2.10.2.3}{\376\377\0002\000.\0001\0000\000.\0002\000.\0003\000\040\000i\000n\000i\000t\000i\000a\000l\000i\000z\000e\000\137\000l\000o\000c\000a\000l\000\137\000v\000a\000r\000s\000\050\000\051}{subsection.2.10.2}% 70
\BOOKMARK [1][-]{section.2.11}{\376\377\0002\000.\0001\0001\000\040\000t\000o\000o\000l\000s\000\040\000M\000o\000d\000u\000l\000e\000\040\000R\000e\000f\000e\000r\000e\000n\000c\000e}{chapter.2}% 71
\BOOKMARK [2][-]{subsection.2.11.1}{\376\377\0002\000.\0001\0001\000.\0001\000\040\000D\000e\000t\000a\000i\000l\000e\000d\000\040\000D\000e\000s\000c\000r\000i\000p\000t\000i\000o\000n}{section.2.11}% 72
\BOOKMARK [2][-]{subsection.2.11.2}{\376\377\0002\000.\0001\0001\000.\0002\000\040\000F\000u\000n\000c\000t\000i\000o\000n\000/\000S\000u\000b\000r\000o\000u\000t\000i\000n\000e\000\040\000D\000o\000c\000u\000m\000e\000n\000t\000a\000t\000i\000o\000n}{section.2.11}% 73
\BOOKMARK [3][-]{subsubsection.2.11.2.1}{\376\377\0002\000.\0001\0001\000.\0002\000.\0001\000\040\000f\000i\000n\000a\000l\000i\000z\000e\000\050\000\051}{subsection.2.11.2}% 74
\BOOKMARK [3][-]{subsubsection.2.11.2.2}{\376\377\0002\000.\0001\0001\000.\0002\000.\0002\000\040\000g\000e\000n\000e\000r\000a\000t\000e\000\137\000r\000a\000n\000d\000o\000m\000\137\000s\000e\000e\000d\000\050\000\051}{subsection.2.11.2}% 75
\BOOKMARK [3][-]{subsubsection.2.11.2.3}{\376\377\0002\000.\0001\0001\000.\0002\000.\0003\000\040\000g\000e\000n\000e\000r\000a\000t\000e\000\137\000r\000a\000n\000d\000o\000m\000\137\000s\000e\000e\000d\000\137\000h\000o\000p\000\050\000\051}{subsection.2.11.2}% 76
\BOOKMARK [3][-]{subsubsection.2.11.2.4}{\376\377\0002\000.\0001\0001\000.\0002\000.\0004\000\040\000i\000n\000i\000t\000i\000a\000l\000i\000z\000e\000\137\000d\000y\000n\000a\000m\000i\000c\000s\000\137\000v\000a\000r\000s\000\050\000\051}{subsection.2.11.2}% 77
\BOOKMARK [3][-]{subsubsection.2.11.2.5}{\376\377\0002\000.\0001\0001\000.\0002\000.\0005\000\040\000i\000n\000i\000t\000i\000a\000l\000i\000z\000e\000\137\000t\000r\000a\000j\000e\000c\000t\000o\000r\000y\000\137\000v\000a\000r\000s\000\050\000\051}{subsection.2.11.2}% 78
\BOOKMARK [1][-]{section.2.12}{\376\377\0002\000.\0001\0002\000\040\000t\000r\000a\000j\000e\000c\000t\000o\000r\000i\000e\000s\000\137\000s\000e\000l\000e\000c\000t\000i\000o\000n\000\040\000M\000o\000d\000u\000l\000e\000\040\000R\000e\000f\000e\000r\000e\000n\000c\000e}{chapter.2}% 79
\BOOKMARK [2][-]{subsection.2.12.1}{\376\377\0002\000.\0001\0002\000.\0001\000\040\000D\000e\000t\000a\000i\000l\000e\000d\000\040\000D\000e\000s\000c\000r\000i\000p\000t\000i\000o\000n}{section.2.12}% 80
\BOOKMARK [1][-]{section.2.13}{\376\377\0002\000.\0001\0003\000\040\000v\000a\000r\000i\000a\000b\000l\000e\000s\000\040\000M\000o\000d\000u\000l\000e\000\040\000R\000e\000f\000e\000r\000e\000n\000c\000e}{chapter.2}% 81
\BOOKMARK [2][-]{subsection.2.13.1}{\376\377\0002\000.\0001\0003\000.\0001\000\040\000D\000e\000t\000a\000i\000l\000e\000d\000\040\000D\000e\000s\000c\000r\000i\000p\000t\000i\000o\000n}{section.2.13}% 82
\BOOKMARK [1][-]{section.2.14}{\376\377\0002\000.\0001\0004\000\040\000w\000i\000g\000n\000e\000r\000\137\000d\000i\000s\000t\000r\000i\000b\000u\000t\000i\000o\000n\000\040\000M\000o\000d\000u\000l\000e\000\040\000R\000e\000f\000e\000r\000e\000n\000c\000e}{chapter.2}% 83
\BOOKMARK [2][-]{subsection.2.14.1}{\376\377\0002\000.\0001\0004\000.\0001\000\040\000D\000e\000t\000a\000i\000l\000e\000d\000\040\000D\000e\000s\000c\000r\000i\000p\000t\000i\000o\000n}{section.2.14}% 84
\BOOKMARK [2][-]{subsection.2.14.2}{\376\377\0002\000.\0001\0004\000.\0002\000\040\000F\000u\000n\000c\000t\000i\000o\000n\000/\000S\000u\000b\000r\000o\000u\000t\000i\000n\000e\000\040\000D\000o\000c\000u\000m\000e\000n\000t\000a\000t\000i\000o\000n}{section.2.14}% 85
\BOOKMARK [3][-]{subsubsection.2.14.2.1}{\376\377\0002\000.\0001\0004\000.\0002\000.\0001\000\040\000g\000a\000u\000s\000s\000i\000a\000n\000\137\000d\000i\000s\000t\000r\000i\000b\000u\000t\000i\000o\000n\000\050\000\051}{subsection.2.14.2}% 86
\BOOKMARK [3][-]{subsubsection.2.14.2.2}{\376\377\0002\000.\0001\0004\000.\0002\000.\0002\000\040\000i\000n\000i\000t\000i\000a\000l\000\137\000c\000o\000n\000d\000i\000t\000i\000o\000n\000s\000\050\000\051}{subsection.2.14.2}% 87
\BOOKMARK [0][-]{section*.16}{\376\377\000I\000n\000d\000e\000x}{}% 88
